12.9038 	INFO 	Loaded monitor calibration from ['2024_08_09 11:02']
12.9433 	WARNING 	User requested fullscreen with size [1024  768], but screen is actually [1366, 768]. Using actual size
14.8389 	EXP 	Created window1 = Window(allowGUI=True, allowStencil=False, autoLog=True, backendConf=UNKNOWN, backgroundFit=<method-wrapper '__getattribute__' of attributeSetter object at 0x0000015A31C38EE0>, backgroundImage=<method-wrapper '__getattribute__' of attributeSetter object at 0x0000015A31C39450>, bitsMode=UNKNOWN, blendMode='avg', bpc=(8, 8, 8), color=array([0, 0, 0]), colorSpace='rgb', depthBits=8, fullscr=<method-wrapper '__getattribute__' of attributeSetter object at 0x0000015A31C39E70>, gamma=None, gammaErrorPolicy='raise', infoMsg=UNKNOWN, lms=UNKNOWN, monitor=<psychopy.monitors.calibTools.Monitor object at 0x0000015A3AC786D0>, multiSample=False, name='window1', numSamples=2, pos=[0.0, 0.0], screen=0, size=array([1366,  768]), stencilBits=0, stereo=False, title='PsychoPy', units='height', useFBO=True, useRetina=False, viewOri=0.0, viewPos=None, viewScale=None, waitBlanking=True, winType='pyglet')
14.8391 	EXP 	window1: backgroundImage = ''
14.8391 	EXP 	window1: backgroundFit = 'none'
14.8395 	EXP 	window1: mouseVisible = <method-wrapper '__getattribute__' of attributeSetter object at 0x0000015A31C39ED0>
14.8398 	EXP 	window1: mouseVisible = <method-wrapper '__getattribute__' of attributeSetter object at 0x0000015A31C39ED0>
14.8486 	EXP 	window1: mouseVisible = <method-wrapper '__getattribute__' of attributeSetter object at 0x0000015A31C39ED0>
14.8502 	EXP 	window1: mouseVisible = <method-wrapper '__getattribute__' of attributeSetter object at 0x0000015A31C39ED0>
14.9535 	EXP 	window1: mouseVisible = <method-wrapper '__getattribute__' of attributeSetter object at 0x0000015A31C39ED0>
14.9538 	EXP 	window1: mouseVisible = <method-wrapper '__getattribute__' of attributeSetter object at 0x0000015A31C39ED0>
14.9553 	EXP 	window1: mouseVisible = <method-wrapper '__getattribute__' of attributeSetter object at 0x0000015A31C39ED0>
14.9567 	EXP 	window1: mouseVisible = <method-wrapper '__getattribute__' of attributeSetter object at 0x0000015A31C39ED0>
15.0237 	EXP 	window1: Attempting to measure frame rate of screen (0) ...
15.0238 	EXP 	window1: recordFrameIntervals = False
15.1893 	EXP 	window1: recordFrameIntervals = True
15.3729 	EXP 	Screen (0) actual frame rate measured at 60.00Hz
15.3730 	EXP 	window1: recordFrameIntervals = False
15.3732 	EXP 	window1: mouseVisible = False
20.1831 	INFO 	keyboard.Keyboard is using iohub backend.
20.1832 	INFO 	keyboard.Keyboard is using iohub backend.
20.1832 	EXP 	untitled: status = STARTED
20.1836 	EXP 	window1: mouseVisible = False
20.1941 	EXP 	Created fixation = ShapeStim(__class__=<class 'psychopy.visual.shape.ShapeStim'>, anchor=('center', 'center'), autoDraw=False, autoLog=True, closeShape=True, color=method-wrapper(...), colorSpace='rgb', contrast=None, depth=0.0, draggable=False, fillColor=array([1, 1, 1]), fillColorSpace='rgb', fillRGB=array([1, 1, 1]), interpolate=True, lineColor=array([1., 1., 1.]), lineColorSpace='rgb', lineRGB=array([1, 1, 1]), lineWidth=1.0, name='fixation', opacity=1, ori=0.0, pos=array([0., 0.]), size=array([0.05, 0.05]), units='height', vertices=ndarray(...), win=Window(...), windingRule=None)
20.1945 	EXP 	window1: mouseVisible = False
20.2662 	EXP 	Created text = TextStim(__class__=<class 'psychopy.visual.text.TextStim'>, alignHoriz=method-wrapper(...), alignText='center', alignVert=method-wrapper(...), anchorHoriz='center', anchorVert='center', antialias=True, autoDraw=False, autoLog=True, bold=False, color=array([1., 1., 1.]), colorSpace='rgb', contrast=1.0, depth=-1.0, draggable=False, flipHoriz=False, flipVert=False, font='Arial', fontFiles=[], height=0.05, italic=False, languageStyle='LTR', name='text', opacity=1, ori=0.0, pos=array([0., 0.]), rgb=UNKNOWN, text='', units='height', win=Window(...), wrapWidth=1)
0.0184 	EXP 	Imported ddt.xlsx as conditions, 7 conditions, 3 params
0.0210 	EXP 	New trial (rep=0, index=0): <Trial 0 (0 in rep 0) data={'reward_today': 15, 'future_reward': 35, 'delay': 13, 'thisN': 0, 'thisTrialN': 0, 'thisRepN': 0}>
0.1863 	EXP 	text: height = 0.05000000000000001
0.1863 	EXP 	text: height = 0.05000000000000001
0.1863 	EXP 	text: height = 0.05000000000000001
0.1863 	EXP 	text: text = 'GBP 15 today or GBP 35 after 13 days'
0.1863 	EXP 	fixation: autoDraw = True
0.5778 	DATA 	Keypress: t
1.0062 	INFO 	Keyboard events cleared
1.0055 	EXP 	text: autoDraw = True
1.1893 	EXP 	fixation: autoDraw = False
1.7573 	EXP 	New trial (rep=0, index=1): <Trial 1 (1 in rep 0) data={'reward_today': 40, 'future_reward': 55, 'delay': 62, 'thisN': 1, 'thisTrialN': 1, 'thisRepN': 0}>
1.7694 	DATA 	Keypress: t
1.7729 	EXP 	fixation: autoDraw = False
1.7729 	EXP 	text: autoDraw = False
1.7729 	EXP 	text: height = 0.05000000000000001
1.7729 	EXP 	text: height = 0.05000000000000001
1.7729 	EXP 	text: height = 0.05000000000000001
1.7729 	EXP 	text: text = 'GBP 40 today or GBP 55 after 62 days'
1.7729 	EXP 	fixation: autoDraw = True
2.7730 	INFO 	Keyboard events cleared
2.7722 	EXP 	fixation: autoDraw = False
2.7722 	EXP 	text: autoDraw = True
3.0410 	EXP 	New trial (rep=0, index=2): <Trial 2 (2 in rep 0) data={'reward_today': 78, 'future_reward': 80, 'delay': 162, 'thisN': 2, 'thisTrialN': 2, 'thisRepN': 0}>
3.0512 	DATA 	Keypress: l
3.0553 	EXP 	fixation: autoDraw = False
3.0553 	EXP 	text: autoDraw = False
3.0553 	EXP 	text: height = 0.05000000000000001
3.0553 	EXP 	text: height = 0.05000000000000001
3.0553 	EXP 	text: height = 0.05000000000000001
3.0553 	EXP 	text: text = 'GBP 78 today or GBP 80 after 162 days'
3.0553 	EXP 	fixation: autoDraw = True
4.0564 	INFO 	Keyboard events cleared
4.0557 	EXP 	fixation: autoDraw = False
4.0557 	EXP 	text: autoDraw = True
4.4735 	EXP 	New trial (rep=0, index=3): <Trial 3 (3 in rep 0) data={'reward_today': 11, 'future_reward': 30, 'delay': 7, 'thisN': 3, 'thisTrialN': 3, 'thisRepN': 0}>
4.4810 	DATA 	Keypress: l
4.4888 	EXP 	fixation: autoDraw = False
4.4888 	EXP 	text: autoDraw = False
4.4888 	EXP 	text: height = 0.05000000000000001
4.4888 	EXP 	text: height = 0.05000000000000001
4.4888 	EXP 	text: height = 0.05000000000000001
4.4888 	EXP 	text: text = 'GBP 11 today or GBP 30 after 7 days'
4.4888 	EXP 	fixation: autoDraw = True
5.4895 	INFO 	Keyboard events cleared
5.4888 	EXP 	fixation: autoDraw = False
5.4888 	EXP 	text: autoDraw = True
5.9571 	EXP 	New trial (rep=0, index=4): <Trial 4 (4 in rep 0) data={'reward_today': 27, 'future_reward': 50, 'delay': 21, 'thisN': 4, 'thisTrialN': 4, 'thisRepN': 0}>
5.9640 	DATA 	Keypress: t
5.9723 	EXP 	fixation: autoDraw = False
5.9723 	EXP 	text: autoDraw = False
5.9723 	EXP 	text: height = 0.05000000000000001
5.9723 	EXP 	text: height = 0.05000000000000001
5.9723 	EXP 	text: height = 0.05000000000000001
5.9723 	EXP 	text: text = 'GBP 27 today or GBP 50 after 21 days'
5.9723 	EXP 	fixation: autoDraw = True
6.9732 	INFO 	Keyboard events cleared
6.9725 	EXP 	fixation: autoDraw = False
6.9725 	EXP 	text: autoDraw = True
7.3573 	EXP 	New trial (rep=0, index=5): <Trial 5 (5 in rep 0) data={'reward_today': 49, 'future_reward': 60, 'delay': 89, 'thisN': 5, 'thisTrialN': 5, 'thisRepN': 0}>
7.3669 	DATA 	Keypress: l
7.3722 	EXP 	fixation: autoDraw = False
7.3722 	EXP 	text: autoDraw = False
7.3722 	EXP 	text: height = 0.05000000000000001
7.3722 	EXP 	text: height = 0.05000000000000001
7.3722 	EXP 	text: height = 0.05000000000000001
7.3722 	EXP 	text: text = 'GBP 49 today or GBP 60 after 89 days'
7.3722 	EXP 	fixation: autoDraw = True
8.3732 	INFO 	Keyboard events cleared
8.3725 	EXP 	fixation: autoDraw = False
8.3725 	EXP 	text: autoDraw = True
8.6405 	EXP 	New trial (rep=0, index=6): <Trial 6 (6 in rep 0) data={'reward_today': 67, 'future_reward': 75, 'delay': 119, 'thisN': 6, 'thisTrialN': 6, 'thisRepN': 0}>
8.6475 	DATA 	Keypress: l
8.6556 	EXP 	fixation: autoDraw = False
8.6556 	EXP 	text: autoDraw = False
8.6556 	EXP 	text: height = 0.05000000000000001
8.6556 	EXP 	text: height = 0.05000000000000001
8.6556 	EXP 	text: height = 0.05000000000000001
8.6556 	EXP 	text: text = 'GBP 67 today or GBP 75 after 119 days'
8.6556 	EXP 	fixation: autoDraw = True
9.6561 	INFO 	Keyboard events cleared
9.6554 	EXP 	fixation: autoDraw = False
9.6554 	EXP 	text: autoDraw = True
9.9567 	EXP 	New trial (rep=1, index=0): <Trial 7 (0 in rep 1) data={'reward_today': 11, 'future_reward': 30, 'delay': 7, 'thisN': 7, 'thisTrialN': 0, 'thisRepN': 1}>
9.9649 	DATA 	Keypress: l
9.9715 	EXP 	fixation: autoDraw = False
9.9715 	EXP 	text: autoDraw = False
9.9715 	EXP 	text: height = 0.05000000000000001
9.9715 	EXP 	text: height = 0.05000000000000001
9.9715 	EXP 	text: height = 0.05000000000000001
9.9715 	EXP 	text: text = 'GBP 11 today or GBP 30 after 7 days'
9.9715 	EXP 	fixation: autoDraw = True
10.9729 	INFO 	Keyboard events cleared
10.9721 	EXP 	fixation: autoDraw = False
10.9721 	EXP 	text: autoDraw = True
11.4068 	EXP 	New trial (rep=1, index=1): <Trial 8 (1 in rep 1) data={'reward_today': 67, 'future_reward': 75, 'delay': 119, 'thisN': 8, 'thisTrialN': 1, 'thisRepN': 1}>
11.4137 	DATA 	Keypress: t
11.4217 	EXP 	fixation: autoDraw = False
11.4217 	EXP 	text: autoDraw = False
11.4217 	EXP 	text: height = 0.05000000000000001
11.4217 	EXP 	text: height = 0.05000000000000001
11.4217 	EXP 	text: height = 0.05000000000000001
11.4217 	EXP 	text: text = 'GBP 67 today or GBP 75 after 119 days'
11.4217 	EXP 	fixation: autoDraw = True
12.4224 	INFO 	Keyboard events cleared
12.4218 	EXP 	fixation: autoDraw = False
12.4218 	EXP 	text: autoDraw = True
12.6902 	EXP 	New trial (rep=1, index=2): <Trial 9 (2 in rep 1) data={'reward_today': 40, 'future_reward': 55, 'delay': 62, 'thisN': 9, 'thisTrialN': 2, 'thisRepN': 1}>
12.6974 	DATA 	Keypress: t
12.7055 	EXP 	fixation: autoDraw = False
12.7055 	EXP 	text: autoDraw = False
12.7055 	EXP 	text: height = 0.05000000000000001
12.7055 	EXP 	text: height = 0.05000000000000001
12.7055 	EXP 	text: height = 0.05000000000000001
12.7055 	EXP 	text: text = 'GBP 40 today or GBP 55 after 62 days'
12.7055 	EXP 	fixation: autoDraw = True
13.7062 	INFO 	Keyboard events cleared
13.7055 	EXP 	fixation: autoDraw = False
13.7055 	EXP 	text: autoDraw = True
13.9739 	EXP 	New trial (rep=1, index=3): <Trial 10 (3 in rep 1) data={'reward_today': 15, 'future_reward': 35, 'delay': 13, 'thisN': 10, 'thisTrialN': 3, 'thisRepN': 1}>
13.9813 	DATA 	Keypress: l
13.9883 	EXP 	fixation: autoDraw = False
13.9883 	EXP 	text: autoDraw = False
13.9883 	EXP 	text: height = 0.05000000000000001
13.9883 	EXP 	text: height = 0.05000000000000001
13.9883 	EXP 	text: height = 0.05000000000000001
13.9883 	EXP 	text: text = 'GBP 15 today or GBP 35 after 13 days'
13.9883 	EXP 	fixation: autoDraw = True
14.9892 	INFO 	Keyboard events cleared
14.9885 	EXP 	fixation: autoDraw = False
14.9885 	EXP 	text: autoDraw = True
15.2899 	EXP 	New trial (rep=1, index=4): <Trial 11 (4 in rep 1) data={'reward_today': 49, 'future_reward': 60, 'delay': 89, 'thisN': 11, 'thisTrialN': 4, 'thisRepN': 1}>
15.2970 	DATA 	Keypress: t
15.3052 	EXP 	fixation: autoDraw = False
15.3052 	EXP 	text: autoDraw = False
15.3052 	EXP 	text: height = 0.05000000000000001
15.3052 	EXP 	text: height = 0.05000000000000001
15.3052 	EXP 	text: height = 0.05000000000000001
15.3052 	EXP 	text: text = 'GBP 49 today or GBP 60 after 89 days'
15.3052 	EXP 	fixation: autoDraw = True
16.3060 	INFO 	Keyboard events cleared
16.3054 	EXP 	fixation: autoDraw = False
16.3054 	EXP 	text: autoDraw = True
16.5733 	EXP 	New trial (rep=1, index=5): <Trial 12 (5 in rep 1) data={'reward_today': 27, 'future_reward': 50, 'delay': 21, 'thisN': 12, 'thisTrialN': 5, 'thisRepN': 1}>
16.5803 	DATA 	Keypress: t
16.5885 	EXP 	fixation: autoDraw = False
16.5885 	EXP 	text: autoDraw = False
16.5885 	EXP 	text: height = 0.05000000000000001
16.5885 	EXP 	text: height = 0.05000000000000001
16.5885 	EXP 	text: height = 0.05000000000000001
16.5885 	EXP 	text: text = 'GBP 27 today or GBP 50 after 21 days'
16.5885 	EXP 	fixation: autoDraw = True
17.5892 	INFO 	Keyboard events cleared
17.5885 	EXP 	fixation: autoDraw = False
17.5885 	EXP 	text: autoDraw = True
17.9400 	EXP 	New trial (rep=1, index=6): <Trial 13 (6 in rep 1) data={'reward_today': 78, 'future_reward': 80, 'delay': 162, 'thisN': 13, 'thisTrialN': 6, 'thisRepN': 1}>
17.9469 	DATA 	Keypress: t
17.9553 	EXP 	fixation: autoDraw = False
17.9553 	EXP 	text: autoDraw = False
17.9553 	EXP 	text: height = 0.05000000000000001
17.9553 	EXP 	text: height = 0.05000000000000001
17.9553 	EXP 	text: height = 0.05000000000000001
17.9553 	EXP 	text: text = 'GBP 78 today or GBP 80 after 162 days'
17.9553 	EXP 	fixation: autoDraw = True
18.9555 	INFO 	Keyboard events cleared
18.9549 	EXP 	fixation: autoDraw = False
18.9549 	EXP 	text: autoDraw = True
19.2898 	EXP 	New trial (rep=2, index=0): <Trial 14 (0 in rep 2) data={'reward_today': 27, 'future_reward': 50, 'delay': 21, 'thisN': 14, 'thisTrialN': 0, 'thisRepN': 2}>
19.2970 	DATA 	Keypress: l
19.3051 	EXP 	fixation: autoDraw = False
19.3051 	EXP 	text: autoDraw = False
19.3051 	EXP 	text: height = 0.05000000000000001
19.3051 	EXP 	text: height = 0.05000000000000001
19.3051 	EXP 	text: height = 0.05000000000000001
19.3051 	EXP 	text: text = 'GBP 27 today or GBP 50 after 21 days'
19.3051 	EXP 	fixation: autoDraw = True
20.3057 	INFO 	Keyboard events cleared
20.3050 	EXP 	fixation: autoDraw = False
20.3050 	EXP 	text: autoDraw = True
20.6581 	DATA 	Keypress: l
20.6730 	EXP 	New trial (rep=2, index=1): <Trial 15 (1 in rep 2) data={'reward_today': 67, 'future_reward': 75, 'delay': 119, 'thisN': 15, 'thisTrialN': 1, 'thisRepN': 2}>
20.6879 	EXP 	fixation: autoDraw = False
20.6879 	EXP 	text: autoDraw = False
20.6879 	EXP 	text: height = 0.05000000000000001
20.6879 	EXP 	text: height = 0.05000000000000001
20.6879 	EXP 	text: height = 0.05000000000000001
20.6879 	EXP 	text: text = 'GBP 67 today or GBP 75 after 119 days'
20.6879 	EXP 	fixation: autoDraw = True
21.6889 	INFO 	Keyboard events cleared
21.6883 	EXP 	fixation: autoDraw = False
21.6883 	EXP 	text: autoDraw = True
22.1562 	EXP 	New trial (rep=2, index=2): <Trial 16 (2 in rep 2) data={'reward_today': 49, 'future_reward': 60, 'delay': 89, 'thisN': 16, 'thisTrialN': 2, 'thisRepN': 2}>
22.1633 	DATA 	Keypress: t
22.1712 	EXP 	fixation: autoDraw = False
22.1712 	EXP 	text: autoDraw = False
22.1712 	EXP 	text: height = 0.05000000000000001
22.1712 	EXP 	text: height = 0.05000000000000001
22.1712 	EXP 	text: height = 0.05000000000000001
22.1712 	EXP 	text: text = 'GBP 49 today or GBP 60 after 89 days'
22.1712 	EXP 	fixation: autoDraw = True
23.1721 	INFO 	Keyboard events cleared
23.1714 	EXP 	fixation: autoDraw = False
23.1714 	EXP 	text: autoDraw = True
23.7399 	EXP 	New trial (rep=2, index=3): <Trial 17 (3 in rep 2) data={'reward_today': 11, 'future_reward': 30, 'delay': 7, 'thisN': 17, 'thisTrialN': 3, 'thisRepN': 2}>
23.7470 	DATA 	Keypress: l
23.7545 	EXP 	fixation: autoDraw = False
23.7545 	EXP 	text: autoDraw = False
23.7545 	EXP 	text: height = 0.05000000000000001
23.7545 	EXP 	text: height = 0.05000000000000001
23.7545 	EXP 	text: height = 0.05000000000000001
23.7545 	EXP 	text: text = 'GBP 11 today or GBP 30 after 7 days'
23.7545 	EXP 	fixation: autoDraw = True
24.7555 	INFO 	Keyboard events cleared
24.7548 	EXP 	fixation: autoDraw = False
24.7548 	EXP 	text: autoDraw = True
25.0896 	EXP 	New trial (rep=2, index=4): <Trial 18 (4 in rep 2) data={'reward_today': 15, 'future_reward': 35, 'delay': 13, 'thisN': 18, 'thisTrialN': 4, 'thisRepN': 2}>
25.0968 	DATA 	Keypress: l
25.1046 	EXP 	fixation: autoDraw = False
25.1046 	EXP 	text: autoDraw = False
25.1046 	EXP 	text: height = 0.05000000000000001
25.1046 	EXP 	text: height = 0.05000000000000001
25.1046 	EXP 	text: height = 0.05000000000000001
25.1046 	EXP 	text: text = 'GBP 15 today or GBP 35 after 13 days'
25.1046 	EXP 	fixation: autoDraw = True
26.1057 	INFO 	Keyboard events cleared
26.1050 	EXP 	fixation: autoDraw = False
26.1050 	EXP 	text: autoDraw = True
27.0728 	EXP 	New trial (rep=2, index=5): <Trial 19 (5 in rep 2) data={'reward_today': 40, 'future_reward': 55, 'delay': 62, 'thisN': 19, 'thisTrialN': 5, 'thisRepN': 2}>
27.0797 	DATA 	Keypress: l
27.0877 	EXP 	fixation: autoDraw = False
27.0877 	EXP 	text: autoDraw = False
27.0877 	EXP 	text: height = 0.05000000000000001
27.0877 	EXP 	text: height = 0.05000000000000001
27.0877 	EXP 	text: height = 0.05000000000000001
27.0877 	EXP 	text: text = 'GBP 40 today or GBP 55 after 62 days'
27.0877 	EXP 	fixation: autoDraw = True
28.0885 	INFO 	Keyboard events cleared
28.0878 	EXP 	fixation: autoDraw = False
28.0878 	EXP 	text: autoDraw = True
28.8391 	EXP 	New trial (rep=2, index=6): <Trial 20 (6 in rep 2) data={'reward_today': 78, 'future_reward': 80, 'delay': 162, 'thisN': 20, 'thisTrialN': 6, 'thisRepN': 2}>
28.8464 	DATA 	Keypress: t
28.8543 	EXP 	fixation: autoDraw = False
28.8543 	EXP 	text: autoDraw = False
28.8543 	EXP 	text: height = 0.05000000000000001
28.8543 	EXP 	text: height = 0.05000000000000001
28.8543 	EXP 	text: height = 0.05000000000000001
28.8543 	EXP 	text: text = 'GBP 78 today or GBP 80 after 162 days'
28.8543 	EXP 	fixation: autoDraw = True
29.8549 	INFO 	Keyboard events cleared
29.8542 	EXP 	fixation: autoDraw = False
29.8542 	EXP 	text: autoDraw = True
30.1894 	EXP 	New trial (rep=3, index=0): <Trial 21 (0 in rep 3) data={'reward_today': 49, 'future_reward': 60, 'delay': 89, 'thisN': 21, 'thisTrialN': 0, 'thisRepN': 3}>
30.1966 	DATA 	Keypress: l
30.2046 	EXP 	fixation: autoDraw = False
30.2046 	EXP 	text: autoDraw = False
30.2046 	EXP 	text: height = 0.05000000000000001
30.2046 	EXP 	text: height = 0.05000000000000001
30.2046 	EXP 	text: height = 0.05000000000000001
30.2046 	EXP 	text: text = 'GBP 49 today or GBP 60 after 89 days'
30.2046 	EXP 	fixation: autoDraw = True
31.2050 	INFO 	Keyboard events cleared
31.2042 	EXP 	fixation: autoDraw = False
31.2042 	EXP 	text: autoDraw = True
31.8559 	EXP 	New trial (rep=3, index=1): <Trial 22 (1 in rep 3) data={'reward_today': 78, 'future_reward': 80, 'delay': 162, 'thisN': 22, 'thisTrialN': 1, 'thisRepN': 3}>
31.8628 	DATA 	Keypress: t
31.8708 	EXP 	fixation: autoDraw = False
31.8708 	EXP 	text: autoDraw = False
31.8708 	EXP 	text: height = 0.05000000000000001
31.8708 	EXP 	text: height = 0.05000000000000001
31.8708 	EXP 	text: height = 0.05000000000000001
31.8708 	EXP 	text: text = 'GBP 78 today or GBP 80 after 162 days'
31.8708 	EXP 	fixation: autoDraw = True
32.8719 	INFO 	Keyboard events cleared
32.8713 	EXP 	fixation: autoDraw = False
32.8713 	EXP 	text: autoDraw = True
33.3063 	EXP 	New trial (rep=3, index=2): <Trial 23 (2 in rep 3) data={'reward_today': 40, 'future_reward': 55, 'delay': 62, 'thisN': 23, 'thisTrialN': 2, 'thisRepN': 3}>
33.3135 	DATA 	Keypress: l
33.3207 	EXP 	fixation: autoDraw = False
33.3207 	EXP 	text: autoDraw = False
33.3207 	EXP 	text: height = 0.05000000000000001
33.3207 	EXP 	text: height = 0.05000000000000001
33.3207 	EXP 	text: height = 0.05000000000000001
33.3207 	EXP 	text: text = 'GBP 40 today or GBP 55 after 62 days'
33.3207 	EXP 	fixation: autoDraw = True
34.3215 	INFO 	Keyboard events cleared
34.3209 	EXP 	fixation: autoDraw = False
34.3209 	EXP 	text: autoDraw = True
34.9890 	EXP 	New trial (rep=3, index=3): <Trial 24 (3 in rep 3) data={'reward_today': 27, 'future_reward': 50, 'delay': 21, 'thisN': 24, 'thisTrialN': 3, 'thisRepN': 3}>
34.9963 	DATA 	Keypress: l
35.0039 	EXP 	fixation: autoDraw = False
35.0039 	EXP 	text: autoDraw = False
35.0039 	EXP 	text: height = 0.05000000000000001
35.0039 	EXP 	text: height = 0.05000000000000001
35.0039 	EXP 	text: height = 0.05000000000000001
35.0039 	EXP 	text: text = 'GBP 27 today or GBP 50 after 21 days'
35.0039 	EXP 	fixation: autoDraw = True
36.0048 	INFO 	Keyboard events cleared
36.0042 	EXP 	fixation: autoDraw = False
36.0042 	EXP 	text: autoDraw = True
36.4740 	DATA 	Keypress: l
36.4887 	EXP 	New trial (rep=3, index=4): <Trial 25 (4 in rep 3) data={'reward_today': 67, 'future_reward': 75, 'delay': 119, 'thisN': 25, 'thisTrialN': 4, 'thisRepN': 3}>
36.5040 	EXP 	fixation: autoDraw = False
36.5040 	EXP 	text: autoDraw = False
36.5040 	EXP 	text: height = 0.05000000000000001
36.5040 	EXP 	text: height = 0.05000000000000001
36.5040 	EXP 	text: height = 0.05000000000000001
36.5040 	EXP 	text: text = 'GBP 67 today or GBP 75 after 119 days'
36.5040 	EXP 	fixation: autoDraw = True
37.5050 	INFO 	Keyboard events cleared
37.5042 	EXP 	fixation: autoDraw = False
37.5042 	EXP 	text: autoDraw = True
37.8562 	EXP 	New trial (rep=3, index=5): <Trial 26 (5 in rep 3) data={'reward_today': 15, 'future_reward': 35, 'delay': 13, 'thisN': 26, 'thisTrialN': 5, 'thisRepN': 3}>
37.8636 	DATA 	Keypress: t
37.8705 	EXP 	fixation: autoDraw = False
37.8705 	EXP 	text: autoDraw = False
37.8705 	EXP 	text: height = 0.05000000000000001
37.8705 	EXP 	text: height = 0.05000000000000001
37.8705 	EXP 	text: height = 0.05000000000000001
37.8705 	EXP 	text: text = 'GBP 15 today or GBP 35 after 13 days'
37.8705 	EXP 	fixation: autoDraw = True
38.8714 	INFO 	Keyboard events cleared
38.8707 	EXP 	fixation: autoDraw = False
38.8707 	EXP 	text: autoDraw = True
40.0553 	EXP 	New trial (rep=3, index=6): <Trial 27 (6 in rep 3) data={'reward_today': 11, 'future_reward': 30, 'delay': 7, 'thisN': 27, 'thisTrialN': 6, 'thisRepN': 3}>
40.0634 	DATA 	Keypress: t
40.0701 	EXP 	fixation: autoDraw = False
40.0701 	EXP 	text: autoDraw = False
40.0701 	EXP 	text: height = 0.05000000000000001
40.0701 	EXP 	text: height = 0.05000000000000001
40.0701 	EXP 	text: height = 0.05000000000000001
40.0701 	EXP 	text: text = 'GBP 11 today or GBP 30 after 7 days'
40.0701 	EXP 	fixation: autoDraw = True
41.0709 	INFO 	Keyboard events cleared
41.0703 	EXP 	fixation: autoDraw = False
41.0703 	EXP 	text: autoDraw = True
41.3225 	EXP 	New trial (rep=4, index=0): <Trial 28 (0 in rep 4) data={'reward_today': 15, 'future_reward': 35, 'delay': 13, 'thisN': 28, 'thisTrialN': 0, 'thisRepN': 4}>
41.3298 	DATA 	Keypress: l
41.3370 	EXP 	fixation: autoDraw = False
41.3370 	EXP 	text: autoDraw = False
41.3370 	EXP 	text: height = 0.05000000000000001
41.3370 	EXP 	text: height = 0.05000000000000001
41.3370 	EXP 	text: height = 0.05000000000000001
41.3370 	EXP 	text: text = 'GBP 15 today or GBP 35 after 13 days'
41.3370 	EXP 	fixation: autoDraw = True
42.3376 	INFO 	Keyboard events cleared
42.3367 	EXP 	fixation: autoDraw = False
42.3367 	EXP 	text: autoDraw = True
42.6053 	EXP 	New trial (rep=4, index=1): <Trial 29 (1 in rep 4) data={'reward_today': 11, 'future_reward': 30, 'delay': 7, 'thisN': 29, 'thisTrialN': 1, 'thisRepN': 4}>
42.6124 	DATA 	Keypress: l
42.6199 	EXP 	fixation: autoDraw = False
42.6199 	EXP 	text: autoDraw = False
42.6199 	EXP 	text: height = 0.05000000000000001
42.6199 	EXP 	text: height = 0.05000000000000001
42.6199 	EXP 	text: height = 0.05000000000000001
42.6199 	EXP 	text: text = 'GBP 11 today or GBP 30 after 7 days'
42.6199 	EXP 	fixation: autoDraw = True
43.6210 	INFO 	Keyboard events cleared
43.6203 	EXP 	fixation: autoDraw = False
43.6203 	EXP 	text: autoDraw = True
43.9394 	EXP 	New trial (rep=4, index=2): <Trial 30 (2 in rep 4) data={'reward_today': 49, 'future_reward': 60, 'delay': 89, 'thisN': 30, 'thisTrialN': 2, 'thisRepN': 4}>
43.9467 	DATA 	Keypress: l
43.9538 	EXP 	fixation: autoDraw = False
43.9538 	EXP 	text: autoDraw = False
43.9538 	EXP 	text: height = 0.05000000000000001
43.9538 	EXP 	text: height = 0.05000000000000001
43.9538 	EXP 	text: height = 0.05000000000000001
43.9538 	EXP 	text: text = 'GBP 49 today or GBP 60 after 89 days'
43.9538 	EXP 	fixation: autoDraw = True
44.9543 	INFO 	Keyboard events cleared
44.9537 	EXP 	fixation: autoDraw = False
44.9537 	EXP 	text: autoDraw = True
45.3218 	EXP 	New trial (rep=4, index=3): <Trial 31 (3 in rep 4) data={'reward_today': 27, 'future_reward': 50, 'delay': 21, 'thisN': 31, 'thisTrialN': 3, 'thisRepN': 4}>
45.3291 	DATA 	Keypress: t
45.3368 	EXP 	fixation: autoDraw = False
45.3368 	EXP 	text: autoDraw = False
45.3368 	EXP 	text: height = 0.05000000000000001
45.3368 	EXP 	text: height = 0.05000000000000001
45.3368 	EXP 	text: height = 0.05000000000000001
45.3368 	EXP 	text: text = 'GBP 27 today or GBP 50 after 21 days'
45.3368 	EXP 	fixation: autoDraw = True
46.3375 	INFO 	Keyboard events cleared
46.3369 	EXP 	fixation: autoDraw = False
46.3369 	EXP 	text: autoDraw = True
46.6887 	EXP 	New trial (rep=4, index=4): <Trial 32 (4 in rep 4) data={'reward_today': 78, 'future_reward': 80, 'delay': 162, 'thisN': 32, 'thisTrialN': 4, 'thisRepN': 4}>
46.6958 	DATA 	Keypress: l
46.7039 	EXP 	fixation: autoDraw = False
46.7039 	EXP 	text: autoDraw = False
46.7039 	EXP 	text: height = 0.05000000000000001
46.7039 	EXP 	text: height = 0.05000000000000001
46.7039 	EXP 	text: height = 0.05000000000000001
46.7039 	EXP 	text: text = 'GBP 78 today or GBP 80 after 162 days'
46.7039 	EXP 	fixation: autoDraw = True
47.7043 	INFO 	Keyboard events cleared
47.7035 	EXP 	fixation: autoDraw = False
47.7035 	EXP 	text: autoDraw = True
48.1718 	EXP 	New trial (rep=4, index=5): <Trial 33 (5 in rep 4) data={'reward_today': 40, 'future_reward': 55, 'delay': 62, 'thisN': 33, 'thisTrialN': 5, 'thisRepN': 4}>
48.1789 	DATA 	Keypress: l
48.1871 	EXP 	fixation: autoDraw = False
48.1871 	EXP 	text: autoDraw = False
48.1871 	EXP 	text: height = 0.05000000000000001
48.1871 	EXP 	text: height = 0.05000000000000001
48.1871 	EXP 	text: height = 0.05000000000000001
48.1871 	EXP 	text: text = 'GBP 40 today or GBP 55 after 62 days'
48.1871 	EXP 	fixation: autoDraw = True
49.1878 	INFO 	Keyboard events cleared
49.1871 	EXP 	fixation: autoDraw = False
49.1871 	EXP 	text: autoDraw = True
49.6219 	EXP 	New trial (rep=4, index=6): <Trial 34 (6 in rep 4) data={'reward_today': 67, 'future_reward': 75, 'delay': 119, 'thisN': 34, 'thisTrialN': 6, 'thisRepN': 4}>
49.6289 	DATA 	Keypress: l
49.6367 	EXP 	fixation: autoDraw = False
49.6367 	EXP 	text: autoDraw = False
49.6367 	EXP 	text: height = 0.05000000000000001
49.6367 	EXP 	text: height = 0.05000000000000001
49.6367 	EXP 	text: height = 0.05000000000000001
49.6367 	EXP 	text: text = 'GBP 67 today or GBP 75 after 119 days'
49.6367 	EXP 	fixation: autoDraw = True
50.6373 	INFO 	Keyboard events cleared
50.6367 	EXP 	fixation: autoDraw = False
50.6367 	EXP 	text: autoDraw = True
51.0716 	EXP 	New trial (rep=5, index=0): <Trial 35 (0 in rep 5) data={'reward_today': 27, 'future_reward': 50, 'delay': 21, 'thisN': 35, 'thisTrialN': 0, 'thisRepN': 5}>
51.0787 	DATA 	Keypress: t
51.0868 	EXP 	fixation: autoDraw = False
51.0868 	EXP 	text: autoDraw = False
51.0868 	EXP 	text: height = 0.05000000000000001
51.0868 	EXP 	text: height = 0.05000000000000001
51.0868 	EXP 	text: height = 0.05000000000000001
51.0868 	EXP 	text: text = 'GBP 27 today or GBP 50 after 21 days'
51.0868 	EXP 	fixation: autoDraw = True
52.0872 	INFO 	Keyboard events cleared
52.0866 	EXP 	fixation: autoDraw = False
52.0866 	EXP 	text: autoDraw = True
52.4049 	EXP 	New trial (rep=5, index=1): <Trial 36 (1 in rep 5) data={'reward_today': 40, 'future_reward': 55, 'delay': 62, 'thisN': 36, 'thisTrialN': 1, 'thisRepN': 5}>
52.4122 	DATA 	Keypress: t
52.4198 	EXP 	fixation: autoDraw = False
52.4198 	EXP 	text: autoDraw = False
52.4198 	EXP 	text: height = 0.05000000000000001
52.4198 	EXP 	text: height = 0.05000000000000001
52.4198 	EXP 	text: height = 0.05000000000000001
52.4198 	EXP 	text: text = 'GBP 40 today or GBP 55 after 62 days'
52.4198 	EXP 	fixation: autoDraw = True
53.4211 	INFO 	Keyboard events cleared
53.4204 	EXP 	fixation: autoDraw = False
53.4204 	EXP 	text: autoDraw = True
53.9884 	EXP 	New trial (rep=5, index=2): <Trial 37 (2 in rep 5) data={'reward_today': 67, 'future_reward': 75, 'delay': 119, 'thisN': 37, 'thisTrialN': 2, 'thisRepN': 5}>
53.9954 	DATA 	Keypress: l
54.0035 	EXP 	fixation: autoDraw = False
54.0035 	EXP 	text: autoDraw = False
54.0035 	EXP 	text: height = 0.05000000000000001
54.0035 	EXP 	text: height = 0.05000000000000001
54.0035 	EXP 	text: height = 0.05000000000000001
54.0035 	EXP 	text: text = 'GBP 67 today or GBP 75 after 119 days'
54.0035 	EXP 	fixation: autoDraw = True
55.0039 	INFO 	Keyboard events cleared
55.0032 	EXP 	fixation: autoDraw = False
55.0032 	EXP 	text: autoDraw = True
55.5385 	EXP 	New trial (rep=5, index=3): <Trial 38 (3 in rep 5) data={'reward_today': 15, 'future_reward': 35, 'delay': 13, 'thisN': 38, 'thisTrialN': 3, 'thisRepN': 5}>
55.5458 	DATA 	Keypress: t
55.5531 	EXP 	fixation: autoDraw = False
55.5531 	EXP 	text: autoDraw = False
55.5531 	EXP 	text: height = 0.05000000000000001
55.5531 	EXP 	text: height = 0.05000000000000001
55.5531 	EXP 	text: height = 0.05000000000000001
55.5531 	EXP 	text: text = 'GBP 15 today or GBP 35 after 13 days'
55.5531 	EXP 	fixation: autoDraw = True
56.5540 	INFO 	Keyboard events cleared
56.5533 	EXP 	fixation: autoDraw = False
56.5533 	EXP 	text: autoDraw = True
56.9213 	EXP 	New trial (rep=5, index=4): <Trial 39 (4 in rep 5) data={'reward_today': 78, 'future_reward': 80, 'delay': 162, 'thisN': 39, 'thisTrialN': 4, 'thisRepN': 5}>
56.9281 	DATA 	Keypress: l
56.9363 	EXP 	fixation: autoDraw = False
56.9363 	EXP 	text: autoDraw = False
56.9363 	EXP 	text: height = 0.05000000000000001
56.9363 	EXP 	text: height = 0.05000000000000001
56.9363 	EXP 	text: height = 0.05000000000000001
56.9363 	EXP 	text: text = 'GBP 78 today or GBP 80 after 162 days'
56.9363 	EXP 	fixation: autoDraw = True
57.9369 	INFO 	Keyboard events cleared
57.9362 	EXP 	fixation: autoDraw = False
57.9362 	EXP 	text: autoDraw = True
58.5882 	EXP 	New trial (rep=5, index=5): <Trial 40 (5 in rep 5) data={'reward_today': 49, 'future_reward': 60, 'delay': 89, 'thisN': 40, 'thisTrialN': 5, 'thisRepN': 5}>
58.5954 	DATA 	Keypress: l
58.6028 	EXP 	fixation: autoDraw = False
58.6028 	EXP 	text: autoDraw = False
58.6028 	EXP 	text: height = 0.05000000000000001
58.6028 	EXP 	text: height = 0.05000000000000001
58.6028 	EXP 	text: height = 0.05000000000000001
58.6028 	EXP 	text: text = 'GBP 49 today or GBP 60 after 89 days'
58.6028 	EXP 	fixation: autoDraw = True
59.6038 	INFO 	Keyboard events cleared
59.6031 	EXP 	fixation: autoDraw = False
59.6031 	EXP 	text: autoDraw = True
60.1043 	EXP 	New trial (rep=5, index=6): <Trial 41 (6 in rep 5) data={'reward_today': 11, 'future_reward': 30, 'delay': 7, 'thisN': 41, 'thisTrialN': 6, 'thisRepN': 5}>
60.1113 	DATA 	Keypress: t
60.1197 	EXP 	fixation: autoDraw = False
60.1197 	EXP 	text: autoDraw = False
60.1197 	EXP 	text: height = 0.05000000000000001
60.1197 	EXP 	text: height = 0.05000000000000001
60.1197 	EXP 	text: height = 0.05000000000000001
60.1197 	EXP 	text: text = 'GBP 11 today or GBP 30 after 7 days'
60.1197 	EXP 	fixation: autoDraw = True
61.1205 	INFO 	Keyboard events cleared
61.1199 	EXP 	fixation: autoDraw = False
61.1199 	EXP 	text: autoDraw = True
61.3710 	EXP 	New trial (rep=6, index=0): <Trial 42 (0 in rep 6) data={'reward_today': 15, 'future_reward': 35, 'delay': 13, 'thisN': 42, 'thisTrialN': 0, 'thisRepN': 6}>
61.3783 	DATA 	Keypress: t
61.3866 	EXP 	fixation: autoDraw = False
61.3866 	EXP 	text: autoDraw = False
61.3866 	EXP 	text: height = 0.05000000000000001
61.3866 	EXP 	text: height = 0.05000000000000001
61.3866 	EXP 	text: height = 0.05000000000000001
61.3866 	EXP 	text: text = 'GBP 15 today or GBP 35 after 13 days'
61.3866 	EXP 	fixation: autoDraw = True
62.3873 	INFO 	Keyboard events cleared
62.3866 	EXP 	fixation: autoDraw = False
62.3866 	EXP 	text: autoDraw = True
62.6715 	EXP 	New trial (rep=6, index=1): <Trial 43 (1 in rep 6) data={'reward_today': 49, 'future_reward': 60, 'delay': 89, 'thisN': 43, 'thisTrialN': 1, 'thisRepN': 6}>
62.6788 	DATA 	Keypress: t
62.6865 	EXP 	fixation: autoDraw = False
62.6865 	EXP 	text: autoDraw = False
62.6865 	EXP 	text: height = 0.05000000000000001
62.6865 	EXP 	text: height = 0.05000000000000001
62.6865 	EXP 	text: height = 0.05000000000000001
62.6865 	EXP 	text: text = 'GBP 49 today or GBP 60 after 89 days'
62.6865 	EXP 	fixation: autoDraw = True
63.6872 	INFO 	Keyboard events cleared
63.6865 	EXP 	fixation: autoDraw = False
63.6865 	EXP 	text: autoDraw = True
64.0042 	EXP 	New trial (rep=6, index=2): <Trial 44 (2 in rep 6) data={'reward_today': 27, 'future_reward': 50, 'delay': 21, 'thisN': 44, 'thisTrialN': 2, 'thisRepN': 6}>
64.0115 	DATA 	Keypress: l
64.0197 	EXP 	fixation: autoDraw = False
64.0197 	EXP 	text: autoDraw = False
64.0197 	EXP 	text: height = 0.05000000000000001
64.0197 	EXP 	text: height = 0.05000000000000001
64.0197 	EXP 	text: height = 0.05000000000000001
64.0197 	EXP 	text: text = 'GBP 27 today or GBP 50 after 21 days'
64.0197 	EXP 	fixation: autoDraw = True
65.0200 	INFO 	Keyboard events cleared
65.0194 	EXP 	fixation: autoDraw = False
65.0194 	EXP 	text: autoDraw = True
65.5063 	DATA 	Keypress: l
65.5210 	EXP 	New trial (rep=6, index=3): <Trial 45 (3 in rep 6) data={'reward_today': 78, 'future_reward': 80, 'delay': 162, 'thisN': 45, 'thisTrialN': 3, 'thisRepN': 6}>
65.5362 	EXP 	fixation: autoDraw = False
65.5362 	EXP 	text: autoDraw = False
65.5362 	EXP 	text: height = 0.05000000000000001
65.5362 	EXP 	text: height = 0.05000000000000001
65.5362 	EXP 	text: height = 0.05000000000000001
65.5362 	EXP 	text: text = 'GBP 78 today or GBP 80 after 162 days'
65.5362 	EXP 	fixation: autoDraw = True
66.5370 	INFO 	Keyboard events cleared
66.5363 	EXP 	fixation: autoDraw = False
66.5363 	EXP 	text: autoDraw = True
66.9542 	EXP 	New trial (rep=6, index=4): <Trial 46 (4 in rep 6) data={'reward_today': 11, 'future_reward': 30, 'delay': 7, 'thisN': 46, 'thisTrialN': 4, 'thisRepN': 6}>
66.9614 	DATA 	Keypress: t
66.9692 	EXP 	fixation: autoDraw = False
66.9692 	EXP 	text: autoDraw = False
66.9692 	EXP 	text: height = 0.05000000000000001
66.9692 	EXP 	text: height = 0.05000000000000001
66.9692 	EXP 	text: height = 0.05000000000000001
66.9692 	EXP 	text: text = 'GBP 11 today or GBP 30 after 7 days'
66.9692 	EXP 	fixation: autoDraw = True
67.9704 	INFO 	Keyboard events cleared
67.9696 	EXP 	fixation: autoDraw = False
67.9696 	EXP 	text: autoDraw = True
68.3879 	EXP 	New trial (rep=6, index=5): <Trial 47 (5 in rep 6) data={'reward_today': 40, 'future_reward': 55, 'delay': 62, 'thisN': 47, 'thisTrialN': 5, 'thisRepN': 6}>
68.3950 	DATA 	Keypress: l
68.4024 	EXP 	fixation: autoDraw = False
68.4024 	EXP 	text: autoDraw = False
68.4024 	EXP 	text: height = 0.05000000000000001
68.4024 	EXP 	text: height = 0.05000000000000001
68.4024 	EXP 	text: height = 0.05000000000000001
68.4024 	EXP 	text: text = 'GBP 40 today or GBP 55 after 62 days'
68.4024 	EXP 	fixation: autoDraw = True
69.4033 	INFO 	Keyboard events cleared
69.4027 	EXP 	fixation: autoDraw = False
69.4027 	EXP 	text: autoDraw = True
69.8709 	EXP 	New trial (rep=6, index=6): <Trial 48 (6 in rep 6) data={'reward_today': 67, 'future_reward': 75, 'delay': 119, 'thisN': 48, 'thisTrialN': 6, 'thisRepN': 6}>
69.8780 	DATA 	Keypress: l
69.8859 	EXP 	fixation: autoDraw = False
69.8859 	EXP 	text: autoDraw = False
69.8859 	EXP 	text: height = 0.05000000000000001
69.8859 	EXP 	text: height = 0.05000000000000001
69.8859 	EXP 	text: height = 0.05000000000000001
69.8859 	EXP 	text: text = 'GBP 67 today or GBP 75 after 119 days'
69.8859 	EXP 	fixation: autoDraw = True
70.8864 	INFO 	Keyboard events cleared
70.8857 	EXP 	fixation: autoDraw = False
70.8857 	EXP 	text: autoDraw = True
71.3226 	DATA 	Keypress: l
71.3375 	EXP 	New trial (rep=7, index=0): <Trial 49 (0 in rep 7) data={'reward_today': 11, 'future_reward': 30, 'delay': 7, 'thisN': 49, 'thisTrialN': 0, 'thisRepN': 7}>
71.3523 	EXP 	fixation: autoDraw = False
71.3523 	EXP 	text: autoDraw = False
71.3523 	EXP 	text: height = 0.05000000000000001
71.3523 	EXP 	text: height = 0.05000000000000001
71.3523 	EXP 	text: height = 0.05000000000000001
71.3523 	EXP 	text: text = 'GBP 11 today or GBP 30 after 7 days'
71.3523 	EXP 	fixation: autoDraw = True
72.3532 	INFO 	Keyboard events cleared
72.3525 	EXP 	fixation: autoDraw = False
72.3525 	EXP 	text: autoDraw = True
73.0709 	EXP 	New trial (rep=7, index=1): <Trial 50 (1 in rep 7) data={'reward_today': 67, 'future_reward': 75, 'delay': 119, 'thisN': 50, 'thisTrialN': 1, 'thisRepN': 7}>
73.0780 	DATA 	Keypress: l
73.0855 	EXP 	fixation: autoDraw = False
73.0855 	EXP 	text: autoDraw = False
73.0855 	EXP 	text: height = 0.05000000000000001
73.0855 	EXP 	text: height = 0.05000000000000001
73.0855 	EXP 	text: height = 0.05000000000000001
73.0855 	EXP 	text: text = 'GBP 67 today or GBP 75 after 119 days'
73.0855 	EXP 	fixation: autoDraw = True
74.0861 	INFO 	Keyboard events cleared
74.0855 	EXP 	fixation: autoDraw = False
74.0855 	EXP 	text: autoDraw = True
75.2371 	EXP 	New trial (rep=7, index=2): <Trial 51 (2 in rep 7) data={'reward_today': 40, 'future_reward': 55, 'delay': 62, 'thisN': 51, 'thisTrialN': 2, 'thisRepN': 7}>
75.2442 	DATA 	Keypress: t
75.2524 	EXP 	fixation: autoDraw = False
75.2524 	EXP 	text: autoDraw = False
75.2524 	EXP 	text: height = 0.05000000000000001
75.2524 	EXP 	text: height = 0.05000000000000001
75.2524 	EXP 	text: height = 0.05000000000000001
75.2524 	EXP 	text: text = 'GBP 40 today or GBP 55 after 62 days'
75.2524 	EXP 	fixation: autoDraw = True
76.2531 	INFO 	Keyboard events cleared
76.2525 	EXP 	fixation: autoDraw = False
76.2525 	EXP 	text: autoDraw = True
77.7036 	EXP 	New trial (rep=7, index=3): <Trial 52 (3 in rep 7) data={'reward_today': 15, 'future_reward': 35, 'delay': 13, 'thisN': 52, 'thisTrialN': 3, 'thisRepN': 7}>
77.7115 	DATA 	Keypress: t
77.7187 	EXP 	fixation: autoDraw = False
77.7187 	EXP 	text: autoDraw = False
77.7187 	EXP 	text: height = 0.05000000000000001
77.7187 	EXP 	text: height = 0.05000000000000001
77.7187 	EXP 	text: height = 0.05000000000000001
77.7187 	EXP 	text: text = 'GBP 15 today or GBP 35 after 13 days'
77.7187 	EXP 	fixation: autoDraw = True
78.7195 	INFO 	Keyboard events cleared
78.7188 	EXP 	fixation: autoDraw = False
78.7188 	EXP 	text: autoDraw = True
79.6702 	EXP 	New trial (rep=7, index=4): <Trial 53 (4 in rep 7) data={'reward_today': 78, 'future_reward': 80, 'delay': 162, 'thisN': 53, 'thisTrialN': 4, 'thisRepN': 7}>
79.6771 	DATA 	Keypress: t
79.6852 	EXP 	fixation: autoDraw = False
79.6852 	EXP 	text: autoDraw = False
79.6852 	EXP 	text: height = 0.05000000000000001
79.6852 	EXP 	text: height = 0.05000000000000001
79.6852 	EXP 	text: height = 0.05000000000000001
79.6852 	EXP 	text: text = 'GBP 78 today or GBP 80 after 162 days'
79.6852 	EXP 	fixation: autoDraw = True
80.6861 	INFO 	Keyboard events cleared
80.6854 	EXP 	fixation: autoDraw = False
80.6854 	EXP 	text: autoDraw = True
82.2382 	DATA 	Keypress: l
82.2536 	EXP 	New trial (rep=7, index=5): <Trial 54 (5 in rep 7) data={'reward_today': 27, 'future_reward': 50, 'delay': 21, 'thisN': 54, 'thisTrialN': 5, 'thisRepN': 7}>
82.2688 	EXP 	fixation: autoDraw = False
82.2688 	EXP 	text: autoDraw = False
82.2688 	EXP 	text: height = 0.05000000000000001
82.2688 	EXP 	text: height = 0.05000000000000001
82.2688 	EXP 	text: height = 0.05000000000000001
82.2688 	EXP 	text: text = 'GBP 27 today or GBP 50 after 21 days'
82.2688 	EXP 	fixation: autoDraw = True
83.2691 	INFO 	Keyboard events cleared
83.2684 	EXP 	fixation: autoDraw = False
83.2684 	EXP 	text: autoDraw = True
84.7205 	EXP 	New trial (rep=7, index=6): <Trial 55 (6 in rep 7) data={'reward_today': 49, 'future_reward': 60, 'delay': 89, 'thisN': 55, 'thisTrialN': 6, 'thisRepN': 7}>
84.7277 	DATA 	Keypress: t
84.7349 	EXP 	fixation: autoDraw = False
84.7349 	EXP 	text: autoDraw = False
84.7349 	EXP 	text: height = 0.05000000000000001
84.7349 	EXP 	text: height = 0.05000000000000001
84.7349 	EXP 	text: height = 0.05000000000000001
84.7349 	EXP 	text: text = 'GBP 49 today or GBP 60 after 89 days'
84.7349 	EXP 	fixation: autoDraw = True
85.7358 	INFO 	Keyboard events cleared
85.7351 	EXP 	fixation: autoDraw = False
85.7351 	EXP 	text: autoDraw = True
87.3697 	EXP 	New trial (rep=8, index=0): <Trial 56 (0 in rep 8) data={'reward_today': 67, 'future_reward': 75, 'delay': 119, 'thisN': 56, 'thisTrialN': 0, 'thisRepN': 8}>
87.3768 	DATA 	Keypress: l
87.3848 	EXP 	fixation: autoDraw = False
87.3848 	EXP 	text: autoDraw = False
87.3848 	EXP 	text: height = 0.05000000000000001
87.3848 	EXP 	text: height = 0.05000000000000001
87.3848 	EXP 	text: height = 0.05000000000000001
87.3848 	EXP 	text: text = 'GBP 67 today or GBP 75 after 119 days'
87.3848 	EXP 	fixation: autoDraw = True
88.3861 	INFO 	Keyboard events cleared
88.3854 	EXP 	fixation: autoDraw = False
88.3854 	EXP 	text: autoDraw = True
89.1201 	EXP 	New trial (rep=8, index=1): <Trial 57 (1 in rep 8) data={'reward_today': 11, 'future_reward': 30, 'delay': 7, 'thisN': 57, 'thisTrialN': 1, 'thisRepN': 8}>
89.1274 	DATA 	Keypress: t
89.1352 	EXP 	fixation: autoDraw = False
89.1352 	EXP 	text: autoDraw = False
89.1352 	EXP 	text: height = 0.05000000000000001
89.1352 	EXP 	text: height = 0.05000000000000001
89.1352 	EXP 	text: height = 0.05000000000000001
89.1352 	EXP 	text: text = 'GBP 11 today or GBP 30 after 7 days'
89.1352 	EXP 	fixation: autoDraw = True
90.1360 	INFO 	Keyboard events cleared
90.1351 	EXP 	fixation: autoDraw = False
90.1351 	EXP 	text: autoDraw = True
90.9865 	EXP 	New trial (rep=8, index=2): <Trial 58 (2 in rep 8) data={'reward_today': 27, 'future_reward': 50, 'delay': 21, 'thisN': 58, 'thisTrialN': 2, 'thisRepN': 8}>
90.9944 	DATA 	Keypress: t
91.0016 	EXP 	fixation: autoDraw = False
91.0016 	EXP 	text: autoDraw = False
91.0016 	EXP 	text: height = 0.05000000000000001
91.0016 	EXP 	text: height = 0.05000000000000001
91.0016 	EXP 	text: height = 0.05000000000000001
91.0016 	EXP 	text: text = 'GBP 27 today or GBP 50 after 21 days'
91.0016 	EXP 	fixation: autoDraw = True
92.0023 	INFO 	Keyboard events cleared
92.0016 	EXP 	fixation: autoDraw = False
92.0016 	EXP 	text: autoDraw = True
92.9701 	EXP 	New trial (rep=8, index=3): <Trial 59 (3 in rep 8) data={'reward_today': 15, 'future_reward': 35, 'delay': 13, 'thisN': 59, 'thisTrialN': 3, 'thisRepN': 8}>
92.9776 	DATA 	Keypress: l
92.9852 	EXP 	fixation: autoDraw = False
92.9852 	EXP 	text: autoDraw = False
92.9852 	EXP 	text: height = 0.05000000000000001
92.9852 	EXP 	text: height = 0.05000000000000001
92.9852 	EXP 	text: height = 0.05000000000000001
92.9852 	EXP 	text: text = 'GBP 15 today or GBP 35 after 13 days'
92.9852 	EXP 	fixation: autoDraw = True
93.9852 	INFO 	Keyboard events cleared
93.9845 	EXP 	fixation: autoDraw = False
93.9845 	EXP 	text: autoDraw = True
94.6691 	EXP 	New trial (rep=8, index=4): <Trial 60 (4 in rep 8) data={'reward_today': 40, 'future_reward': 55, 'delay': 62, 'thisN': 60, 'thisTrialN': 4, 'thisRepN': 8}>
94.6766 	DATA 	Keypress: t
94.6848 	EXP 	fixation: autoDraw = False
94.6848 	EXP 	text: autoDraw = False
94.6848 	EXP 	text: height = 0.05000000000000001
94.6848 	EXP 	text: height = 0.05000000000000001
94.6848 	EXP 	text: height = 0.05000000000000001
94.6848 	EXP 	text: text = 'GBP 40 today or GBP 55 after 62 days'
94.6848 	EXP 	fixation: autoDraw = True
95.6852 	INFO 	Keyboard events cleared
95.6846 	EXP 	fixation: autoDraw = False
95.6846 	EXP 	text: autoDraw = True
98.2196 	EXP 	New trial (rep=8, index=5): <Trial 61 (5 in rep 8) data={'reward_today': 78, 'future_reward': 80, 'delay': 162, 'thisN': 61, 'thisTrialN': 5, 'thisRepN': 8}>
98.2266 	DATA 	Keypress: l
98.2346 	EXP 	fixation: autoDraw = False
98.2346 	EXP 	text: autoDraw = False
98.2346 	EXP 	text: height = 0.05000000000000001
98.2346 	EXP 	text: height = 0.05000000000000001
98.2346 	EXP 	text: height = 0.05000000000000001
98.2346 	EXP 	text: text = 'GBP 78 today or GBP 80 after 162 days'
98.2346 	EXP 	fixation: autoDraw = True
99.2356 	INFO 	Keyboard events cleared
99.2349 	EXP 	fixation: autoDraw = False
99.2349 	EXP 	text: autoDraw = True
99.5213 	DATA 	Keypress: t
99.5358 	EXP 	New trial (rep=8, index=6): <Trial 62 (6 in rep 8) data={'reward_today': 49, 'future_reward': 60, 'delay': 89, 'thisN': 62, 'thisTrialN': 6, 'thisRepN': 8}>
99.5512 	EXP 	fixation: autoDraw = False
99.5512 	EXP 	text: autoDraw = False
99.5512 	EXP 	text: height = 0.05000000000000001
99.5512 	EXP 	text: height = 0.05000000000000001
99.5512 	EXP 	text: height = 0.05000000000000001
99.5512 	EXP 	text: text = 'GBP 49 today or GBP 60 after 89 days'
99.5512 	EXP 	fixation: autoDraw = True
100.5517 	INFO 	Keyboard events cleared
100.5511 	EXP 	fixation: autoDraw = False
100.5511 	EXP 	text: autoDraw = True
101.1194 	EXP 	New trial (rep=9, index=0): <Trial 63 (0 in rep 9) data={'reward_today': 67, 'future_reward': 75, 'delay': 119, 'thisN': 63, 'thisTrialN': 0, 'thisRepN': 9}>
101.1267 	DATA 	Keypress: t
101.1347 	EXP 	fixation: autoDraw = False
101.1347 	EXP 	text: autoDraw = False
101.1347 	EXP 	text: height = 0.05000000000000001
101.1347 	EXP 	text: height = 0.05000000000000001
101.1347 	EXP 	text: height = 0.05000000000000001
101.1347 	EXP 	text: text = 'GBP 67 today or GBP 75 after 119 days'
101.1347 	EXP 	fixation: autoDraw = True
102.1349 	INFO 	Keyboard events cleared
102.1343 	EXP 	fixation: autoDraw = False
102.1343 	EXP 	text: autoDraw = True
103.6196 	EXP 	New trial (rep=9, index=1): <Trial 64 (1 in rep 9) data={'reward_today': 27, 'future_reward': 50, 'delay': 21, 'thisN': 64, 'thisTrialN': 1, 'thisRepN': 9}>
103.6270 	DATA 	Keypress: l
103.6347 	EXP 	fixation: autoDraw = False
103.6347 	EXP 	text: autoDraw = False
103.6347 	EXP 	text: height = 0.05000000000000001
103.6347 	EXP 	text: height = 0.05000000000000001
103.6347 	EXP 	text: height = 0.05000000000000001
103.6347 	EXP 	text: text = 'GBP 27 today or GBP 50 after 21 days'
103.6347 	EXP 	fixation: autoDraw = True
104.6350 	INFO 	Keyboard events cleared
104.6343 	EXP 	fixation: autoDraw = False
104.6343 	EXP 	text: autoDraw = True
105.9356 	EXP 	New trial (rep=9, index=2): <Trial 65 (2 in rep 9) data={'reward_today': 40, 'future_reward': 55, 'delay': 62, 'thisN': 65, 'thisTrialN': 2, 'thisRepN': 9}>
105.9425 	DATA 	Keypress: l
105.9507 	EXP 	fixation: autoDraw = False
105.9507 	EXP 	text: autoDraw = False
105.9507 	EXP 	text: height = 0.05000000000000001
105.9507 	EXP 	text: height = 0.05000000000000001
105.9507 	EXP 	text: height = 0.05000000000000001
105.9507 	EXP 	text: text = 'GBP 40 today or GBP 55 after 62 days'
105.9507 	EXP 	fixation: autoDraw = True
106.9512 	INFO 	Keyboard events cleared
106.9506 	EXP 	fixation: autoDraw = False
106.9506 	EXP 	text: autoDraw = True
107.7856 	EXP 	New trial (rep=9, index=3): <Trial 66 (3 in rep 9) data={'reward_today': 78, 'future_reward': 80, 'delay': 162, 'thisN': 66, 'thisTrialN': 3, 'thisRepN': 9}>
107.7926 	DATA 	Keypress: l
107.8005 	EXP 	fixation: autoDraw = False
107.8005 	EXP 	text: autoDraw = False
107.8005 	EXP 	text: height = 0.05000000000000001
107.8005 	EXP 	text: height = 0.05000000000000001
107.8005 	EXP 	text: height = 0.05000000000000001
107.8005 	EXP 	text: text = 'GBP 78 today or GBP 80 after 162 days'
107.8005 	EXP 	fixation: autoDraw = True
108.8012 	INFO 	Keyboard events cleared
108.8006 	EXP 	fixation: autoDraw = False
108.8006 	EXP 	text: autoDraw = True
109.1860 	EXP 	New trial (rep=9, index=4): <Trial 67 (4 in rep 9) data={'reward_today': 11, 'future_reward': 30, 'delay': 7, 'thisN': 67, 'thisTrialN': 4, 'thisRepN': 9}>
109.1932 	DATA 	Keypress: l
109.2005 	EXP 	fixation: autoDraw = False
109.2005 	EXP 	text: autoDraw = False
109.2005 	EXP 	text: height = 0.05000000000000001
109.2005 	EXP 	text: height = 0.05000000000000001
109.2005 	EXP 	text: height = 0.05000000000000001
109.2005 	EXP 	text: text = 'GBP 11 today or GBP 30 after 7 days'
109.2005 	EXP 	fixation: autoDraw = True
110.2011 	INFO 	Keyboard events cleared
110.2005 	EXP 	fixation: autoDraw = False
110.2005 	EXP 	text: autoDraw = True
110.5187 	EXP 	New trial (rep=9, index=5): <Trial 68 (5 in rep 9) data={'reward_today': 15, 'future_reward': 35, 'delay': 13, 'thisN': 68, 'thisTrialN': 5, 'thisRepN': 9}>
110.5260 	DATA 	Keypress: t
110.5338 	EXP 	fixation: autoDraw = False
110.5338 	EXP 	text: autoDraw = False
110.5338 	EXP 	text: height = 0.05000000000000001
110.5338 	EXP 	text: height = 0.05000000000000001
110.5338 	EXP 	text: height = 0.05000000000000001
110.5338 	EXP 	text: text = 'GBP 15 today or GBP 35 after 13 days'
110.5338 	EXP 	fixation: autoDraw = True
111.5349 	INFO 	Keyboard events cleared
111.5341 	EXP 	fixation: autoDraw = False
111.5341 	EXP 	text: autoDraw = True
111.8192 	EXP 	New trial (rep=9, index=6): <Trial 69 (6 in rep 9) data={'reward_today': 49, 'future_reward': 60, 'delay': 89, 'thisN': 69, 'thisTrialN': 6, 'thisRepN': 9}>
111.8262 	DATA 	Keypress: t
111.8337 	EXP 	fixation: autoDraw = False
111.8337 	EXP 	text: autoDraw = False
111.8337 	EXP 	text: height = 0.05000000000000001
111.8337 	EXP 	text: height = 0.05000000000000001
111.8337 	EXP 	text: height = 0.05000000000000001
111.8337 	EXP 	text: text = 'GBP 49 today or GBP 60 after 89 days'
111.8337 	EXP 	fixation: autoDraw = True
112.8341 	INFO 	Keyboard events cleared
112.8335 	EXP 	fixation: autoDraw = False
112.8335 	EXP 	text: autoDraw = True
113.3850 	EXP 	New trial (rep=10, index=0): <Trial 70 (0 in rep 10) data={'reward_today': 49, 'future_reward': 60, 'delay': 89, 'thisN': 70, 'thisTrialN': 0, 'thisRepN': 10}>
113.3867 	DATA 	Keypress: l
113.3999 	EXP 	fixation: autoDraw = False
113.3999 	EXP 	text: autoDraw = False
113.3999 	EXP 	text: text = 'GBP 49 today or GBP 60 after 89 days'
113.3999 	EXP 	fixation: autoDraw = True
114.4014 	INFO 	Keyboard events cleared
114.4007 	EXP 	fixation: autoDraw = False
114.4007 	EXP 	text: autoDraw = True
114.8014 	EXP 	New trial (rep=10, index=1): <Trial 71 (1 in rep 10) data={'reward_today': 40, 'future_reward': 55, 'delay': 62, 'thisN': 71, 'thisTrialN': 1, 'thisRepN': 10}>
114.8089 	DATA 	Keypress: t
114.8166 	EXP 	fixation: autoDraw = False
114.8166 	EXP 	text: autoDraw = False
114.8166 	EXP 	text: height = 0.05000000000000001
114.8166 	EXP 	text: height = 0.05000000000000001
114.8166 	EXP 	text: height = 0.05000000000000001
114.8166 	EXP 	text: text = 'GBP 40 today or GBP 55 after 62 days'
114.8166 	EXP 	fixation: autoDraw = True
115.8015 	INFO 	Keyboard events cleared
115.8008 	EXP 	text: autoDraw = True
115.8169 	EXP 	fixation: autoDraw = False
116.0854 	EXP 	New trial (rep=10, index=2): <Trial 72 (2 in rep 10) data={'reward_today': 67, 'future_reward': 75, 'delay': 119, 'thisN': 72, 'thisTrialN': 2, 'thisRepN': 10}>
116.0928 	DATA 	Keypress: t
116.1001 	EXP 	fixation: autoDraw = False
116.1001 	EXP 	text: autoDraw = False
116.1001 	EXP 	text: height = 0.05000000000000001
116.1001 	EXP 	text: height = 0.05000000000000001
116.1001 	EXP 	text: height = 0.05000000000000001
116.1001 	EXP 	text: text = 'GBP 67 today or GBP 75 after 119 days'
116.1001 	EXP 	fixation: autoDraw = True
117.1012 	INFO 	Keyboard events cleared
117.1005 	EXP 	fixation: autoDraw = False
117.1005 	EXP 	text: autoDraw = True
117.3020 	EXP 	New trial (rep=10, index=3): <Trial 73 (3 in rep 10) data={'reward_today': 27, 'future_reward': 50, 'delay': 21, 'thisN': 73, 'thisTrialN': 3, 'thisRepN': 10}>
117.3094 	DATA 	Keypress: t
117.3168 	EXP 	fixation: autoDraw = False
117.3168 	EXP 	text: autoDraw = False
117.3168 	EXP 	text: height = 0.05000000000000001
117.3168 	EXP 	text: height = 0.05000000000000001
117.3168 	EXP 	text: height = 0.05000000000000001
117.3168 	EXP 	text: text = 'GBP 27 today or GBP 50 after 21 days'
117.3168 	EXP 	fixation: autoDraw = True
118.3180 	INFO 	Keyboard events cleared
118.3173 	EXP 	fixation: autoDraw = False
118.3173 	EXP 	text: autoDraw = True
118.6014 	EXP 	New trial (rep=10, index=4): <Trial 74 (4 in rep 10) data={'reward_today': 15, 'future_reward': 35, 'delay': 13, 'thisN': 74, 'thisTrialN': 4, 'thisRepN': 10}>
118.6100 	DATA 	Keypress: t
118.6164 	EXP 	fixation: autoDraw = False
118.6164 	EXP 	text: autoDraw = False
118.6164 	EXP 	text: height = 0.05000000000000001
118.6164 	EXP 	text: height = 0.05000000000000001
118.6164 	EXP 	text: height = 0.05000000000000001
118.6164 	EXP 	text: text = 'GBP 15 today or GBP 35 after 13 days'
118.6164 	EXP 	fixation: autoDraw = True
119.6177 	INFO 	Keyboard events cleared
119.6170 	EXP 	fixation: autoDraw = False
119.6170 	EXP 	text: autoDraw = True
119.9359 	EXP 	New trial (rep=10, index=5): <Trial 75 (5 in rep 10) data={'reward_today': 11, 'future_reward': 30, 'delay': 7, 'thisN': 75, 'thisTrialN': 5, 'thisRepN': 10}>
119.9434 	DATA 	Keypress: l
119.9506 	EXP 	fixation: autoDraw = False
119.9506 	EXP 	text: autoDraw = False
119.9506 	EXP 	text: height = 0.05000000000000001
119.9506 	EXP 	text: height = 0.05000000000000001
119.9506 	EXP 	text: height = 0.05000000000000001
119.9506 	EXP 	text: text = 'GBP 11 today or GBP 30 after 7 days'
119.9506 	EXP 	fixation: autoDraw = True
120.9511 	INFO 	Keyboard events cleared
120.9504 	EXP 	fixation: autoDraw = False
120.9504 	EXP 	text: autoDraw = True
121.8016 	EXP 	New trial (rep=10, index=6): <Trial 76 (6 in rep 10) data={'reward_today': 78, 'future_reward': 80, 'delay': 162, 'thisN': 76, 'thisTrialN': 6, 'thisRepN': 10}>
121.8144 	DATA 	Keypress: t
121.8181 	EXP 	fixation: autoDraw = False
121.8181 	EXP 	text: autoDraw = False
121.8181 	EXP 	text: height = 0.05000000000000001
121.8181 	EXP 	text: height = 0.05000000000000001
121.8181 	EXP 	text: height = 0.05000000000000001
121.8181 	EXP 	text: text = 'GBP 78 today or GBP 80 after 162 days'
121.8181 	EXP 	fixation: autoDraw = True
122.8174 	INFO 	Keyboard events cleared
122.8167 	EXP 	text: autoDraw = True
122.8332 	EXP 	fixation: autoDraw = False
123.3350 	EXP 	New trial (rep=11, index=0): <Trial 77 (0 in rep 11) data={'reward_today': 40, 'future_reward': 55, 'delay': 62, 'thisN': 77, 'thisTrialN': 0, 'thisRepN': 11}>
123.3423 	DATA 	Keypress: l
123.3496 	EXP 	fixation: autoDraw = False
123.3496 	EXP 	text: autoDraw = False
123.3496 	EXP 	text: height = 0.05000000000000001
123.3496 	EXP 	text: height = 0.05000000000000001
123.3496 	EXP 	text: height = 0.05000000000000001
123.3496 	EXP 	text: text = 'GBP 40 today or GBP 55 after 62 days'
123.3496 	EXP 	fixation: autoDraw = True
124.3505 	INFO 	Keyboard events cleared
124.3499 	EXP 	fixation: autoDraw = False
124.3499 	EXP 	text: autoDraw = True
127.9370 	DATA 	Keypress: t
127.9514 	EXP 	New trial (rep=11, index=1): <Trial 78 (1 in rep 11) data={'reward_today': 78, 'future_reward': 80, 'delay': 162, 'thisN': 78, 'thisTrialN': 1, 'thisRepN': 11}>
127.9663 	EXP 	fixation: autoDraw = False
127.9663 	EXP 	text: autoDraw = False
127.9663 	EXP 	text: height = 0.05000000000000001
127.9663 	EXP 	text: height = 0.05000000000000001
127.9663 	EXP 	text: height = 0.05000000000000001
127.9663 	EXP 	text: text = 'GBP 78 today or GBP 80 after 162 days'
127.9663 	EXP 	fixation: autoDraw = True
128.9676 	INFO 	Keyboard events cleared
128.9668 	EXP 	fixation: autoDraw = False
128.9668 	EXP 	text: autoDraw = True
129.8512 	EXP 	New trial (rep=11, index=2): <Trial 79 (2 in rep 11) data={'reward_today': 67, 'future_reward': 75, 'delay': 119, 'thisN': 79, 'thisTrialN': 2, 'thisRepN': 11}>
129.8583 	DATA 	Keypress: l
129.8665 	EXP 	fixation: autoDraw = False
129.8665 	EXP 	text: autoDraw = False
129.8665 	EXP 	text: height = 0.05000000000000001
129.8665 	EXP 	text: height = 0.05000000000000001
129.8665 	EXP 	text: height = 0.05000000000000001
129.8665 	EXP 	text: text = 'GBP 67 today or GBP 75 after 119 days'
129.8665 	EXP 	fixation: autoDraw = True
130.8672 	INFO 	Keyboard events cleared
130.8665 	EXP 	fixation: autoDraw = False
130.8665 	EXP 	text: autoDraw = True
132.7180 	EXP 	New trial (rep=11, index=3): <Trial 80 (3 in rep 11) data={'reward_today': 49, 'future_reward': 60, 'delay': 89, 'thisN': 80, 'thisTrialN': 3, 'thisRepN': 11}>
132.7256 	DATA 	Keypress: l
132.7327 	EXP 	fixation: autoDraw = False
132.7327 	EXP 	text: autoDraw = False
132.7327 	EXP 	text: height = 0.05000000000000001
132.7327 	EXP 	text: height = 0.05000000000000001
132.7327 	EXP 	text: height = 0.05000000000000001
132.7327 	EXP 	text: text = 'GBP 49 today or GBP 60 after 89 days'
132.7327 	EXP 	fixation: autoDraw = True
133.7336 	INFO 	Keyboard events cleared
133.7329 	EXP 	fixation: autoDraw = False
133.7329 	EXP 	text: autoDraw = True
134.0011 	EXP 	New trial (rep=11, index=4): <Trial 81 (4 in rep 11) data={'reward_today': 27, 'future_reward': 50, 'delay': 21, 'thisN': 81, 'thisTrialN': 4, 'thisRepN': 11}>
134.0210 	DATA 	Keypress: t
134.0247 	EXP 	fixation: autoDraw = False
134.0247 	EXP 	text: autoDraw = False
134.0247 	EXP 	text: height = 0.05000000000000001
134.0247 	EXP 	text: height = 0.05000000000000001
134.0247 	EXP 	text: height = 0.05000000000000001
134.0247 	EXP 	text: text = 'GBP 27 today or GBP 50 after 21 days'
134.0247 	EXP 	fixation: autoDraw = True
135.0167 	INFO 	Keyboard events cleared
135.0160 	EXP 	text: autoDraw = True
135.0327 	EXP 	fixation: autoDraw = False
135.1511 	EXP 	New trial (rep=11, index=5): <Trial 82 (5 in rep 11) data={'reward_today': 11, 'future_reward': 30, 'delay': 7, 'thisN': 82, 'thisTrialN': 5, 'thisRepN': 11}>
135.1587 	DATA 	Keypress: t
135.1660 	EXP 	fixation: autoDraw = False
135.1660 	EXP 	text: autoDraw = False
135.1660 	EXP 	text: height = 0.05000000000000001
135.1660 	EXP 	text: height = 0.05000000000000001
135.1660 	EXP 	text: height = 0.05000000000000001
135.1660 	EXP 	text: text = 'GBP 11 today or GBP 30 after 7 days'
135.1660 	EXP 	fixation: autoDraw = True
136.1671 	INFO 	Keyboard events cleared
136.1664 	EXP 	fixation: autoDraw = False
136.1664 	EXP 	text: autoDraw = True
136.4676 	EXP 	New trial (rep=11, index=6): <Trial 83 (6 in rep 11) data={'reward_today': 15, 'future_reward': 35, 'delay': 13, 'thisN': 83, 'thisTrialN': 6, 'thisRepN': 11}>
136.4750 	DATA 	Keypress: t
136.4826 	EXP 	fixation: autoDraw = False
136.4826 	EXP 	text: autoDraw = False
136.4826 	EXP 	text: height = 0.05000000000000001
136.4826 	EXP 	text: height = 0.05000000000000001
136.4826 	EXP 	text: height = 0.05000000000000001
136.4826 	EXP 	text: text = 'GBP 15 today or GBP 35 after 13 days'
136.4826 	EXP 	fixation: autoDraw = True
137.4835 	INFO 	Keyboard events cleared
137.4829 	EXP 	fixation: autoDraw = False
137.4829 	EXP 	text: autoDraw = True
138.2010 	EXP 	New trial (rep=12, index=0): <Trial 84 (0 in rep 12) data={'reward_today': 40, 'future_reward': 55, 'delay': 62, 'thisN': 84, 'thisTrialN': 0, 'thisRepN': 12}>
138.2086 	DATA 	Keypress: l
138.2161 	EXP 	fixation: autoDraw = False
138.2161 	EXP 	text: autoDraw = False
138.2161 	EXP 	text: height = 0.05000000000000001
138.2161 	EXP 	text: height = 0.05000000000000001
138.2161 	EXP 	text: height = 0.05000000000000001
138.2161 	EXP 	text: text = 'GBP 40 today or GBP 55 after 62 days'
138.2161 	EXP 	fixation: autoDraw = True
139.2168 	INFO 	Keyboard events cleared
139.2160 	EXP 	fixation: autoDraw = False
139.2160 	EXP 	text: autoDraw = True
141.1674 	EXP 	New trial (rep=12, index=1): <Trial 85 (1 in rep 12) data={'reward_today': 67, 'future_reward': 75, 'delay': 119, 'thisN': 85, 'thisTrialN': 1, 'thisRepN': 12}>
141.1745 	DATA 	Keypress: t
141.1823 	EXP 	fixation: autoDraw = False
141.1823 	EXP 	text: autoDraw = False
141.1823 	EXP 	text: height = 0.05000000000000001
141.1823 	EXP 	text: height = 0.05000000000000001
141.1823 	EXP 	text: height = 0.05000000000000001
141.1823 	EXP 	text: text = 'GBP 67 today or GBP 75 after 119 days'
141.1823 	EXP 	fixation: autoDraw = True
142.1833 	INFO 	Keyboard events cleared
142.1826 	EXP 	fixation: autoDraw = False
142.1826 	EXP 	text: autoDraw = True
143.1173 	EXP 	New trial (rep=12, index=2): <Trial 86 (2 in rep 12) data={'reward_today': 49, 'future_reward': 60, 'delay': 89, 'thisN': 86, 'thisTrialN': 2, 'thisRepN': 12}>
143.1248 	DATA 	Keypress: l
143.1323 	EXP 	fixation: autoDraw = False
143.1323 	EXP 	text: autoDraw = False
143.1323 	EXP 	text: height = 0.05000000000000001
143.1323 	EXP 	text: height = 0.05000000000000001
143.1323 	EXP 	text: height = 0.05000000000000001
143.1323 	EXP 	text: text = 'GBP 49 today or GBP 60 after 89 days'
143.1323 	EXP 	fixation: autoDraw = True
144.1329 	INFO 	Keyboard events cleared
144.1323 	EXP 	fixation: autoDraw = False
144.1323 	EXP 	text: autoDraw = True
145.0677 	EXP 	New trial (rep=12, index=3): <Trial 87 (3 in rep 12) data={'reward_today': 78, 'future_reward': 80, 'delay': 162, 'thisN': 87, 'thisTrialN': 3, 'thisRepN': 12}>
145.0749 	DATA 	Keypress: l
145.0827 	EXP 	fixation: autoDraw = False
145.0827 	EXP 	text: autoDraw = False
145.0827 	EXP 	text: height = 0.05000000000000001
145.0827 	EXP 	text: height = 0.05000000000000001
145.0827 	EXP 	text: height = 0.05000000000000001
145.0827 	EXP 	text: text = 'GBP 78 today or GBP 80 after 162 days'
145.0827 	EXP 	fixation: autoDraw = True
146.0828 	INFO 	Keyboard events cleared
146.0821 	EXP 	fixation: autoDraw = False
146.0821 	EXP 	text: autoDraw = True
146.9839 	EXP 	New trial (rep=12, index=4): <Trial 88 (4 in rep 12) data={'reward_today': 15, 'future_reward': 35, 'delay': 13, 'thisN': 88, 'thisTrialN': 4, 'thisRepN': 12}>
146.9919 	DATA 	Keypress: t
146.9988 	EXP 	fixation: autoDraw = False
146.9988 	EXP 	text: autoDraw = False
146.9988 	EXP 	text: height = 0.05000000000000001
146.9988 	EXP 	text: height = 0.05000000000000001
146.9988 	EXP 	text: height = 0.05000000000000001
146.9988 	EXP 	text: text = 'GBP 15 today or GBP 35 after 13 days'
146.9988 	EXP 	fixation: autoDraw = True
147.8342 	DATA 	Keypress: t
148.0000 	INFO 	Keyboard events cleared
147.9993 	EXP 	fixation: autoDraw = False
147.9993 	EXP 	text: autoDraw = True
148.6672 	EXP 	New trial (rep=12, index=5): <Trial 89 (5 in rep 12) data={'reward_today': 11, 'future_reward': 30, 'delay': 7, 'thisN': 89, 'thisTrialN': 5, 'thisRepN': 12}>
148.6743 	DATA 	Keypress: l
148.6825 	EXP 	fixation: autoDraw = False
148.6825 	EXP 	text: autoDraw = False
148.6825 	EXP 	text: height = 0.05000000000000001
148.6825 	EXP 	text: height = 0.05000000000000001
148.6825 	EXP 	text: height = 0.05000000000000001
148.6825 	EXP 	text: text = 'GBP 11 today or GBP 30 after 7 days'
148.6825 	EXP 	fixation: autoDraw = True
149.6827 	INFO 	Keyboard events cleared
149.6820 	EXP 	fixation: autoDraw = False
149.6820 	EXP 	text: autoDraw = True
150.0003 	EXP 	New trial (rep=12, index=6): <Trial 90 (6 in rep 12) data={'reward_today': 27, 'future_reward': 50, 'delay': 21, 'thisN': 90, 'thisTrialN': 6, 'thisRepN': 12}>
150.0084 	DATA 	Keypress: l
150.0156 	EXP 	fixation: autoDraw = False
150.0156 	EXP 	text: autoDraw = False
150.0156 	EXP 	text: height = 0.05000000000000001
150.0156 	EXP 	text: height = 0.05000000000000001
150.0156 	EXP 	text: height = 0.05000000000000001
150.0156 	EXP 	text: text = 'GBP 27 today or GBP 50 after 21 days'
150.0156 	EXP 	fixation: autoDraw = True
150.9845 	DATA 	Keypress: l
151.0161 	INFO 	Keyboard events cleared
151.0154 	EXP 	fixation: autoDraw = False
151.0154 	EXP 	text: autoDraw = True
151.5005 	EXP 	New trial (rep=13, index=0): <Trial 91 (0 in rep 13) data={'reward_today': 11, 'future_reward': 30, 'delay': 7, 'thisN': 91, 'thisTrialN': 0, 'thisRepN': 13}>
151.5078 	DATA 	Keypress: l
151.5152 	EXP 	fixation: autoDraw = False
151.5152 	EXP 	text: autoDraw = False
151.5152 	EXP 	text: height = 0.05000000000000001
151.5152 	EXP 	text: height = 0.05000000000000001
151.5152 	EXP 	text: height = 0.05000000000000001
151.5152 	EXP 	text: text = 'GBP 11 today or GBP 30 after 7 days'
151.5152 	EXP 	fixation: autoDraw = True
152.5162 	INFO 	Keyboard events cleared
152.5155 	EXP 	fixation: autoDraw = False
152.5155 	EXP 	text: autoDraw = True
152.5837 	EXP 	New trial (rep=13, index=1): <Trial 92 (1 in rep 13) data={'reward_today': 15, 'future_reward': 35, 'delay': 13, 'thisN': 92, 'thisTrialN': 1, 'thisRepN': 13}>
152.5912 	DATA 	Keypress: t
152.5989 	EXP 	fixation: autoDraw = False
152.5989 	EXP 	text: autoDraw = False
152.5989 	EXP 	text: height = 0.05000000000000001
152.5989 	EXP 	text: height = 0.05000000000000001
152.5989 	EXP 	text: height = 0.05000000000000001
152.5989 	EXP 	text: text = 'GBP 15 today or GBP 35 after 13 days'
152.5989 	EXP 	fixation: autoDraw = True
153.5995 	INFO 	Keyboard events cleared
153.5988 	EXP 	fixation: autoDraw = False
153.5988 	EXP 	text: autoDraw = True
153.8509 	EXP 	New trial (rep=13, index=2): <Trial 93 (2 in rep 13) data={'reward_today': 40, 'future_reward': 55, 'delay': 62, 'thisN': 93, 'thisTrialN': 2, 'thisRepN': 13}>
153.8579 	DATA 	Keypress: l
153.8655 	EXP 	fixation: autoDraw = False
153.8655 	EXP 	text: autoDraw = False
153.8655 	EXP 	text: height = 0.05000000000000001
153.8655 	EXP 	text: height = 0.05000000000000001
153.8655 	EXP 	text: height = 0.05000000000000001
153.8655 	EXP 	text: text = 'GBP 40 today or GBP 55 after 62 days'
153.8655 	EXP 	fixation: autoDraw = True
154.8661 	INFO 	Keyboard events cleared
154.8654 	EXP 	fixation: autoDraw = False
154.8654 	EXP 	text: autoDraw = True
155.2334 	EXP 	New trial (rep=13, index=3): <Trial 94 (3 in rep 13) data={'reward_today': 49, 'future_reward': 60, 'delay': 89, 'thisN': 94, 'thisTrialN': 3, 'thisRepN': 13}>
155.2549 	DATA 	Keypress: t
155.2587 	EXP 	fixation: autoDraw = False
155.2587 	EXP 	text: autoDraw = False
155.2587 	EXP 	text: height = 0.05000000000000001
155.2587 	EXP 	text: height = 0.05000000000000001
155.2587 	EXP 	text: height = 0.05000000000000001
155.2587 	EXP 	text: text = 'GBP 49 today or GBP 60 after 89 days'
155.2587 	EXP 	fixation: autoDraw = True
156.2491 	INFO 	Keyboard events cleared
156.2485 	EXP 	text: autoDraw = True
156.2655 	EXP 	fixation: autoDraw = False
156.4002 	EXP 	New trial (rep=13, index=4): <Trial 95 (4 in rep 13) data={'reward_today': 67, 'future_reward': 75, 'delay': 119, 'thisN': 95, 'thisTrialN': 4, 'thisRepN': 13}>
156.4071 	DATA 	Keypress: l
156.4149 	EXP 	fixation: autoDraw = False
156.4149 	EXP 	text: autoDraw = False
156.4149 	EXP 	text: height = 0.05000000000000001
156.4149 	EXP 	text: height = 0.05000000000000001
156.4149 	EXP 	text: height = 0.05000000000000001
156.4149 	EXP 	text: text = 'GBP 67 today or GBP 75 after 119 days'
156.4149 	EXP 	fixation: autoDraw = True
157.4157 	INFO 	Keyboard events cleared
157.4151 	EXP 	fixation: autoDraw = False
157.4151 	EXP 	text: autoDraw = True
157.5998 	EXP 	New trial (rep=13, index=5): <Trial 96 (5 in rep 13) data={'reward_today': 27, 'future_reward': 50, 'delay': 21, 'thisN': 96, 'thisTrialN': 5, 'thisRepN': 13}>
157.6075 	DATA 	Keypress: l
157.6149 	EXP 	fixation: autoDraw = False
157.6149 	EXP 	text: autoDraw = False
157.6149 	EXP 	text: height = 0.05000000000000001
157.6149 	EXP 	text: height = 0.05000000000000001
157.6149 	EXP 	text: height = 0.05000000000000001
157.6149 	EXP 	text: text = 'GBP 27 today or GBP 50 after 21 days'
157.6149 	EXP 	fixation: autoDraw = True
158.6157 	INFO 	Keyboard events cleared
158.6151 	EXP 	fixation: autoDraw = False
158.6151 	EXP 	text: autoDraw = True
159.0857 	DATA 	Keypress: t
159.0998 	EXP 	New trial (rep=13, index=6): <Trial 97 (6 in rep 13) data={'reward_today': 78, 'future_reward': 80, 'delay': 162, 'thisN': 97, 'thisTrialN': 6, 'thisRepN': 13}>
159.1149 	EXP 	fixation: autoDraw = False
159.1149 	EXP 	text: autoDraw = False
159.1149 	EXP 	text: height = 0.05000000000000001
159.1149 	EXP 	text: height = 0.05000000000000001
159.1149 	EXP 	text: height = 0.05000000000000001
159.1149 	EXP 	text: text = 'GBP 78 today or GBP 80 after 162 days'
159.1149 	EXP 	fixation: autoDraw = True
160.1160 	INFO 	Keyboard events cleared
160.1153 	EXP 	fixation: autoDraw = False
160.1153 	EXP 	text: autoDraw = True
160.4502 	DATA 	Keypress: l
160.4646 	EXP 	fixation: autoDraw = False
160.4646 	EXP 	text: autoDraw = False
160.4648 	EXP 	untitled: status = STOPPED
160.5260 	INFO 	saved data to 'C:\\Users\\91982\\Desktop\\psychopy\\delay discounting task\\data/653332_untitled_2024-11-18_12h02.19.831.csv'
160.5298 	INFO 	saved data to C:\Users\91982\Desktop\psychopy\delay discounting task\data/653332_untitled_2024-11-18_12h02.19.831.psydat
160.8146 	EXP 	window1: mouseVisible = True
